Watching for file changes with StatReloader
/home/kimgaram0718/projNetflix/mysite2/mysite/settings.py changed, reloading.
Watching for file changes with StatReloader
Survey1 입력: name=None, teacher_id=None, total_score=0
Survey1 입력: name=None, teacher_id=None, total_score=0
Survey1 출력: name=None, teacher_id=None, total_score=6
Watching for file changes with StatReloader
Check: name=철, teacher_id=user1, total_score=0
Survey1 입력: name=철, teacher_id=user1, total_score=0
Survey1 출력: name=철, teacher_id=user1, total_score=5
Survey2 입력: name=철, teacher_id=user1, total_score=5
Survey2 출력: name=철, teacher_id=user1, total_score=10
Survey3 입력: name=철, teacher_id=user1, total_score=10
Survey3 계산 후: name=철, teacher_id=user1, total_score=15
Internal Server Error: /check/survey3/
Traceback (most recent call last):
  File "/home/kimgaram0718/projNetflix/mysite2/check/views.py", line 109, in survey3
    teacher = member.objects.get(userid=teacher_id)
              ^^^^^^
NameError: name 'member' is not defined. Did you mean: 'Member'?

During handling of the above exception, another exception occurred:

Traceback (most recent call last):
  File "/home/kimgaram0718/VENV/v_test/lib/python3.12/site-packages/django/core/handlers/exception.py", line 55, in inner
    response = get_response(request)
               ^^^^^^^^^^^^^^^^^^^^^
  File "/home/kimgaram0718/VENV/v_test/lib/python3.12/site-packages/django/core/handlers/base.py", line 197, in _get_response
    response = wrapped_callback(request, *callback_args, **callback_kwargs)
               ^^^^^^^^^^^^^^^^^^^^^^^^^^^^^^^^^^^^^^^^^^^^^^^^^^^^^^^^^^^^
  File "/home/kimgaram0718/projNetflix/mysite2/check/views.py", line 116, in survey3
    except member.DoesNotExist:
           ^^^^^^
NameError: name 'member' is not defined. Did you mean: 'Member'?
/home/kimgaram0718/projNetflix/mysite2/check/views.py changed, reloading.
Watching for file changes with StatReloader
Check: name=철, teacher_id=user1, total_score=0
Survey1 입력: name=철, teacher_id=user1, total_score=0
Survey1 출력: name=철, teacher_id=user1, total_score=5
Survey2 입력: name=철, teacher_id=user1, total_score=5
Survey2 출력: name=철, teacher_id=user1, total_score=10
Survey3 입력: name=철, teacher_id=user1, total_score=10
Survey3 계산 후: name=철, teacher_id=user1, total_score=15
DB 업데이트 성공: 철, 좋음
Check: name=철, teacher_id=user1, total_score=0
Survey1 입력: name=철, teacher_id=user1, total_score=0
Survey1 출력: name=철, teacher_id=user1, total_score=25
Survey2 입력: name=철, teacher_id=user1, total_score=25
Survey2 출력: name=철, teacher_id=user1, total_score=50
Survey3 입력: name=철, teacher_id=user1, total_score=50
Survey3 계산 후: name=철, teacher_id=user1, total_score=75
DB 업데이트 성공: 철, 낮음
/home/kimgaram0718/projNetflix/mysite2/danger/views.py changed, reloading.
Watching for file changes with StatReloader
Survey3 입력: name=철, teacher_id=user1, total_score=50
Survey3 계산 후: name=철, teacher_id=user1, total_score=75
DB 업데이트 성공: 철, 낮음
Internal Server Error: /danger/
/home/kimgaram0718/projNetflix/mysite2/danger/views.py changed, reloading.
Watching for file changes with StatReloader
Watching for file changes with StatReloader
Internal Server Error: /danger/
/home/kimgaram0718/projNetflix/mysite2/danger/views.py changed, reloading.
Watching for file changes with StatReloader
Watching for file changes with StatReloader
Internal Server Error: /danger/
/home/kimgaram0718/projNetflix/mysite2/danger/views.py changed, reloading.
Watching for file changes with StatReloader
Watching for file changes with StatReloader
Internal Server Error: /danger/
/home/kimgaram0718/projNetflix/mysite2/danger/views.py changed, reloading.
Watching for file changes with StatReloader
Internal Server Error: /danger/
/home/kimgaram0718/projNetflix/mysite2/danger/views.py changed, reloading.
Watching for file changes with StatReloader
Internal Server Error: /danger/
/home/kimgaram0718/projNetflix/mysite2/danger/views.py changed, reloading.
Watching for file changes with StatReloader
/home/kimgaram0718/projNetflix/mysite2/danger/views.py changed, reloading.
Watching for file changes with StatReloader
Watching for file changes with StatReloader
Watching for file changes with StatReloader
Check: name=철4, teacher_id=user1, total_score=0
Survey1 입력: name=철4, teacher_id=user1, total_score=0
Survey1 출력: name=철4, teacher_id=user1, total_score=25
Survey2 입력: name=철4, teacher_id=user1, total_score=25
Survey2 출력: name=철4, teacher_id=user1, total_score=50
Survey3 입력: name=철4, teacher_id=user1, total_score=50
Survey3 계산 후: name=철4, teacher_id=user1, total_score=75
DB 업데이트 성공: 철4, 낮음
/home/kimgaram0718/projNetflix/mysite2/check/views.py changed, reloading.
Watching for file changes with StatReloader
Check: name=철4, teacher_id=user1, total_score=0
Survey1 입력: name=철4, teacher_id=user1, total_score=0
Survey1 출력: name=철4, teacher_id=user1, total_score=25
Survey2 입력: name=철4, teacher_id=user1, total_score=25
Survey2 출력: name=철4, teacher_id=user1, total_score=50
Survey3 입력: name=철4, teacher_id=user1, total_score=50
Survey3 계산 후: name=철4, teacher_id=user1, total_score=75
DB 업데이트 성공: 철4, 높음
Watching for file changes with StatReloader
Watching for file changes with StatReloader
Check: name=철5, teacher_id=user1, total_score=0
Survey1 입력: name=철5, teacher_id=user1, total_score=0
Survey1 출력: name=철5, teacher_id=user1, total_score=5
Survey2 입력: name=철5, teacher_id=user1, total_score=5
Survey2 출력: name=철5, teacher_id=user1, total_score=10
Survey3 입력: name=철5, teacher_id=user1, total_score=10
Survey3 계산 후: name=철5, teacher_id=user1, total_score=15
DB 업데이트 성공: 철5, 낮음
/home/kimgaram0718/projNetflix/mysite2/danger/views.py changed, reloading.
Watching for file changes with StatReloader
Watching for file changes with StatReloader
/home/kimgaram0718/projNetflix/mysite2/danger/views.py changed, reloading.
Watching for file changes with StatReloader
/home/kimgaram0718/projNetflix/mysite2/students/models.py changed, reloading.
Watching for file changes with StatReloader
/home/kimgaram0718/projNetflix/mysite2/students/views.py changed, reloading.
Watching for file changes with StatReloader
/home/kimgaram0718/projNetflix/mysite2/mysite/settings.py changed, reloading.
Watching for file changes with StatReloader
/home/kimgaram0718/projNetflix/mysite2/check/views.py changed, reloading.
Watching for file changes with StatReloader
/home/kimgaram0718/projNetflix/mysite2/check/urls.py changed, reloading.
Watching for file changes with StatReloader
Watching for file changes with StatReloader
Check: name=철6, teacher_id=user1, total_score=0
Survey1 입력: name=철6, teacher_id=user1, total_score=0
Survey1 출력: name=철6, teacher_id=user1, total_score=25
Survey2 입력: name=철6, teacher_id=user1, total_score=25
Survey2 출력: name=철6, teacher_id=user1, total_score=50
Survey3 입력: name=철6, teacher_id=user1, total_score=50
Survey3 계산 후: name=철6, teacher_id=user1, total_score=75
DB 업데이트 성공: 철6, 높음
Not Found: /favicon.ico
Internal Server Error: /accounts/login/
Traceback (most recent call last):
  File "/home/kimgaram0718/VENV/v_test/lib/python3.12/site-packages/django/core/handlers/exception.py", line 55, in inner
    response = get_response(request)
               ^^^^^^^^^^^^^^^^^^^^^
  File "/home/kimgaram0718/VENV/v_test/lib/python3.12/site-packages/django/core/handlers/base.py", line 197, in _get_response
    response = wrapped_callback(request, *callback_args, **callback_kwargs)
               ^^^^^^^^^^^^^^^^^^^^^^^^^^^^^^^^^^^^^^^^^^^^^^^^^^^^^^^^^^^^
  File "/home/kimgaram0718/projNetflix/mysite2/accounts/views.py", line 63, in login
    return render(request, 'login.html')
           ^^^^^^^^^^^^^^^^^^^^^^^^^^^^^
  File "/home/kimgaram0718/VENV/v_test/lib/python3.12/site-packages/django/shortcuts.py", line 25, in render
    content = loader.render_to_string(template_name, context, request, using=using)
              ^^^^^^^^^^^^^^^^^^^^^^^^^^^^^^^^^^^^^^^^^^^^^^^^^^^^^^^^^^^^^^^^^^^^^
  File "/home/kimgaram0718/VENV/v_test/lib/python3.12/site-packages/django/template/loader.py", line 62, in render_to_string
    return template.render(context, request)
           ^^^^^^^^^^^^^^^^^^^^^^^^^^^^^^^^^
  File "/home/kimgaram0718/VENV/v_test/lib/python3.12/site-packages/django/template/backends/django.py", line 107, in render
    return self.template.render(context)
           ^^^^^^^^^^^^^^^^^^^^^^^^^^^^^
  File "/home/kimgaram0718/VENV/v_test/lib/python3.12/site-packages/django/template/base.py", line 171, in render
    return self._render(context)
           ^^^^^^^^^^^^^^^^^^^^^
  File "/home/kimgaram0718/VENV/v_test/lib/python3.12/site-packages/django/template/base.py", line 163, in _render
    return self.nodelist.render(context)
           ^^^^^^^^^^^^^^^^^^^^^^^^^^^^^
  File "/home/kimgaram0718/VENV/v_test/lib/python3.12/site-packages/django/template/base.py", line 1008, in render
    return SafeString("".join([node.render_annotated(context) for node in self]))
                               ^^^^^^^^^^^^^^^^^^^^^^^^^^^^^^
  File "/home/kimgaram0718/VENV/v_test/lib/python3.12/site-packages/django/template/base.py", line 969, in render_annotated
    return self.render(context)
           ^^^^^^^^^^^^^^^^^^^^
  File "/home/kimgaram0718/VENV/v_test/lib/python3.12/site-packages/django/template/loader_tags.py", line 159, in render
    return compiled_parent._render(context)
           ^^^^^^^^^^^^^^^^^^^^^^^^^^^^^^^^
  File "/home/kimgaram0718/VENV/v_test/lib/python3.12/site-packages/django/template/base.py", line 163, in _render
    return self.nodelist.render(context)
           ^^^^^^^^^^^^^^^^^^^^^^^^^^^^^
  File "/home/kimgaram0718/VENV/v_test/lib/python3.12/site-packages/django/template/base.py", line 1008, in render
    return SafeString("".join([node.render_annotated(context) for node in self]))
                               ^^^^^^^^^^^^^^^^^^^^^^^^^^^^^^
  File "/home/kimgaram0718/VENV/v_test/lib/python3.12/site-packages/django/template/base.py", line 969, in render_annotated
    return self.render(context)
           ^^^^^^^^^^^^^^^^^^^^
  File "/home/kimgaram0718/VENV/v_test/lib/python3.12/site-packages/django/template/defaulttags.py", line 480, in render
    url = reverse(view_name, args=args, kwargs=kwargs, current_app=current_app)
          ^^^^^^^^^^^^^^^^^^^^^^^^^^^^^^^^^^^^^^^^^^^^^^^^^^^^^^^^^^^^^^^^^^^^^
  File "/home/kimgaram0718/VENV/v_test/lib/python3.12/site-packages/django/urls/base.py", line 88, in reverse
    return resolver._reverse_with_prefix(view, prefix, *args, **kwargs)
           ^^^^^^^^^^^^^^^^^^^^^^^^^^^^^^^^^^^^^^^^^^^^^^^^^^^^^^^^^^^^
  File "/home/kimgaram0718/VENV/v_test/lib/python3.12/site-packages/django/urls/resolvers.py", line 831, in _reverse_with_prefix
    raise NoReverseMatch(msg)
django.urls.exceptions.NoReverseMatch: Reverse for 'main' not found. 'main' is not a valid view function or pattern name.
Internal Server Error: /accounts/login/
Traceback (most recent call last):
  File "/home/kimgaram0718/VENV/v_test/lib/python3.12/site-packages/django/core/handlers/exception.py", line 55, in inner
    response = get_response(request)
               ^^^^^^^^^^^^^^^^^^^^^
  File "/home/kimgaram0718/VENV/v_test/lib/python3.12/site-packages/django/core/handlers/base.py", line 197, in _get_response
    response = wrapped_callback(request, *callback_args, **callback_kwargs)
               ^^^^^^^^^^^^^^^^^^^^^^^^^^^^^^^^^^^^^^^^^^^^^^^^^^^^^^^^^^^^
  File "/home/kimgaram0718/projNetflix/mysite2/accounts/views.py", line 63, in login
    return render(request, 'login.html')
           ^^^^^^^^^^^^^^^^^^^^^^^^^^^^^
  File "/home/kimgaram0718/VENV/v_test/lib/python3.12/site-packages/django/shortcuts.py", line 25, in render
    content = loader.render_to_string(template_name, context, request, using=using)
              ^^^^^^^^^^^^^^^^^^^^^^^^^^^^^^^^^^^^^^^^^^^^^^^^^^^^^^^^^^^^^^^^^^^^^
  File "/home/kimgaram0718/VENV/v_test/lib/python3.12/site-packages/django/template/loader.py", line 62, in render_to_string
    return template.render(context, request)
           ^^^^^^^^^^^^^^^^^^^^^^^^^^^^^^^^^
  File "/home/kimgaram0718/VENV/v_test/lib/python3.12/site-packages/django/template/backends/django.py", line 107, in render
    return self.template.render(context)
           ^^^^^^^^^^^^^^^^^^^^^^^^^^^^^
  File "/home/kimgaram0718/VENV/v_test/lib/python3.12/site-packages/django/template/base.py", line 171, in render
    return self._render(context)
           ^^^^^^^^^^^^^^^^^^^^^
  File "/home/kimgaram0718/VENV/v_test/lib/python3.12/site-packages/django/template/base.py", line 163, in _render
    return self.nodelist.render(context)
           ^^^^^^^^^^^^^^^^^^^^^^^^^^^^^
  File "/home/kimgaram0718/VENV/v_test/lib/python3.12/site-packages/django/template/base.py", line 1008, in render
    return SafeString("".join([node.render_annotated(context) for node in self]))
                               ^^^^^^^^^^^^^^^^^^^^^^^^^^^^^^
  File "/home/kimgaram0718/VENV/v_test/lib/python3.12/site-packages/django/template/base.py", line 969, in render_annotated
    return self.render(context)
           ^^^^^^^^^^^^^^^^^^^^
  File "/home/kimgaram0718/VENV/v_test/lib/python3.12/site-packages/django/template/loader_tags.py", line 159, in render
    return compiled_parent._render(context)
           ^^^^^^^^^^^^^^^^^^^^^^^^^^^^^^^^
  File "/home/kimgaram0718/VENV/v_test/lib/python3.12/site-packages/django/template/base.py", line 163, in _render
    return self.nodelist.render(context)
           ^^^^^^^^^^^^^^^^^^^^^^^^^^^^^
  File "/home/kimgaram0718/VENV/v_test/lib/python3.12/site-packages/django/template/base.py", line 1008, in render
    return SafeString("".join([node.render_annotated(context) for node in self]))
                               ^^^^^^^^^^^^^^^^^^^^^^^^^^^^^^
  File "/home/kimgaram0718/VENV/v_test/lib/python3.12/site-packages/django/template/base.py", line 969, in render_annotated
    return self.render(context)
           ^^^^^^^^^^^^^^^^^^^^
  File "/home/kimgaram0718/VENV/v_test/lib/python3.12/site-packages/django/template/defaulttags.py", line 480, in render
    url = reverse(view_name, args=args, kwargs=kwargs, current_app=current_app)
          ^^^^^^^^^^^^^^^^^^^^^^^^^^^^^^^^^^^^^^^^^^^^^^^^^^^^^^^^^^^^^^^^^^^^^
  File "/home/kimgaram0718/VENV/v_test/lib/python3.12/site-packages/django/urls/base.py", line 88, in reverse
    return resolver._reverse_with_prefix(view, prefix, *args, **kwargs)
           ^^^^^^^^^^^^^^^^^^^^^^^^^^^^^^^^^^^^^^^^^^^^^^^^^^^^^^^^^^^^
  File "/home/kimgaram0718/VENV/v_test/lib/python3.12/site-packages/django/urls/resolvers.py", line 831, in _reverse_with_prefix
    raise NoReverseMatch(msg)
django.urls.exceptions.NoReverseMatch: Reverse for 'main' not found. 'main' is not a valid view function or pattern name.
/home/kimgaram0718/projNetflix/mysite2/students/urls.py changed, reloading.
Watching for file changes with StatReloader
/home/kimgaram0718/projNetflix/mysite2/students/views.py changed, reloading.
Watching for file changes with StatReloader
/home/kimgaram0718/projNetflix/mysite2/students/urls.py changed, reloading.
Watching for file changes with StatReloader
Watching for file changes with StatReloader
/home/kimgaram0718/projNetflix/mysite2/accounts/views.py changed, reloading.
Watching for file changes with StatReloader
Not Found: /favicon.ico
Not Found: /favicon.ico
Not Found: /favicon.ico
Not Found: /favicon.ico
Not Found: /favicon.ico
Not Found: /favicon.ico
Not Found: /favicon.ico
Not Found: /favicon.ico
Not Found: /favicon.ico
Not Found: /favicon.ico
Not Found: /favicon.ico
Not Found: /favicon.ico
Not Found: /favicon.ico
Not Found: /favicon.ico
Not Found: /favicon.ico
Not Found: /favicon.ico
Not Found: /favicon.ico
Not Found: /favicon.ico
Check: name=철, teacher_id=user1, total_score=0
Survey1 입력: name=철, teacher_id=user1, total_score=0
Survey1 출력: name=철, teacher_id=user1, total_score=12
Survey2 입력: name=철, teacher_id=user1, total_score=12
Survey2 출력: name=철, teacher_id=user1, total_score=28
Survey3 입력: name=철, teacher_id=user1, total_score=28
Survey3 계산 후: name=철, teacher_id=user1, total_score=53
DB 업데이트 성공: 철, 높음
Survey3 입력: name=철, teacher_id=user1, total_score=28
Survey3 계산 후: name=철, teacher_id=user1, total_score=53
DB 업데이트 성공: 철, 높음
Survey3 입력: name=철, teacher_id=user1, total_score=28
Survey3 계산 후: name=철, teacher_id=user1, total_score=53
DB 업데이트 성공: 철, 높음
Survey3 입력: name=철, teacher_id=user1, total_score=28
Survey3 계산 후: name=철, teacher_id=user1, total_score=53
DB 업데이트 성공: 철, 높음
Survey3 입력: name=철, teacher_id=user1, total_score=28
Survey3 계산 후: name=철, teacher_id=user1, total_score=53
DB 업데이트 성공: 철, 높음
Check: name=철, teacher_id=user1, total_score=0
Check: name=철7, teacher_id=user1, total_score=0
Survey1 입력: name=철7, teacher_id=user1, total_score=0
Survey1 출력: name=철7, teacher_id=user1, total_score=25
Survey2 입력: name=철7, teacher_id=user1, total_score=25
Survey2 출력: name=철7, teacher_id=user1, total_score=50
Survey3 입력: name=철7, teacher_id=user1, total_score=50
Survey3 계산 후: name=철7, teacher_id=user1, total_score=75
DB 업데이트 성공: 철7, 높음
Check: name=철, teacher_id=user1, total_score=0
Check: name=철, teacher_id=user1, total_score=0
Check: name=철, teacher_id=user1, total_score=0
Check: name=철, teacher_id=user1, total_score=0
Not Found: /favicon.ico
Check: name=철, teacher_id=user1, total_score=0
Check: name=철, teacher_id=user1, total_score=0
Check: name=철, teacher_id=user1, total_score=0
Check: name=철, teacher_id=user1, total_score=0
Check: name=철, teacher_id=user1, total_score=0
Check: name=철, teacher_id=user1, total_score=0
Check: name=철, teacher_id=user1, total_score=0
Check: name=철, teacher_id=user1, total_score=0
Check: name=철, teacher_id=user1, total_score=0
Check: name=철, teacher_id=user1, total_score=0
Check: name=철, teacher_id=user1, total_score=0
Check: name=철, teacher_id=user1, total_score=0
Check: name=철, teacher_id=user1, total_score=0
Check: name=철, teacher_id=user1, total_score=0
Check: name=철, teacher_id=user1, total_score=0
Survey1 입력: name=철, teacher_id=user1, total_score=0
Survey1 출력: name=철, teacher_id=user1, total_score=9
Survey1 입력: name=철, teacher_id=user1, total_score=0
Survey1 출력: name=철, teacher_id=user1, total_score=9
Survey2 입력: name=철, teacher_id=user1, total_score=9
Survey2 출력: name=철, teacher_id=user1, total_score=25
Survey2 입력: name=철, teacher_id=user1, total_score=9
Survey2 출력: name=철, teacher_id=user1, total_score=25
Survey3 입력: name=철, teacher_id=user1, total_score=25
Survey3 계산 후: name=철, teacher_id=user1, total_score=44
DB 업데이트 성공: 철, 보통
Survey3 입력: name=철, teacher_id=user1, total_score=25
Survey3 계산 후: name=철, teacher_id=user1, total_score=44
DB 업데이트 성공: 철, 보통
Survey3 입력: name=철, teacher_id=user1, total_score=25
Survey3 계산 후: name=철, teacher_id=user1, total_score=44
DB 업데이트 성공: 철, 보통
Not Found: /favicon.ico
Survey3 입력: name=철, teacher_id=user1, total_score=25
Survey3 계산 후: name=철, teacher_id=user1, total_score=44
DB 업데이트 성공: 철, 보통
Survey3 입력: name=철, teacher_id=user1, total_score=25
Survey3 계산 후: name=철, teacher_id=user1, total_score=44
DB 업데이트 성공: 철, 보통
Survey3 입력: name=철, teacher_id=user1, total_score=25
Survey3 계산 후: name=철, teacher_id=user1, total_score=44
DB 업데이트 성공: 철, 보통
Survey3 입력: name=철, teacher_id=user1, total_score=25
Survey3 계산 후: name=철, teacher_id=user1, total_score=44
DB 업데이트 성공: 철, 보통
Survey3 입력: name=철, teacher_id=user1, total_score=25
Survey3 계산 후: name=철, teacher_id=user1, total_score=44
DB 업데이트 성공: 철, 보통
Survey3 입력: name=철, teacher_id=user1, total_score=25
Survey3 계산 후: name=철, teacher_id=user1, total_score=44
DB 업데이트 성공: 철, 보통
Survey3 입력: name=철, teacher_id=user1, total_score=25
Survey3 계산 후: name=철, teacher_id=user1, total_score=44
DB 업데이트 성공: 철, 보통
Survey3 입력: name=철, teacher_id=user1, total_score=25
Survey3 계산 후: name=철, teacher_id=user1, total_score=44
DB 업데이트 성공: 철, 보통
Survey3 입력: name=철, teacher_id=user1, total_score=25
Survey3 계산 후: name=철, teacher_id=user1, total_score=44
DB 업데이트 성공: 철, 보통
Survey3 입력: name=철, teacher_id=user1, total_score=25
Survey3 계산 후: name=철, teacher_id=user1, total_score=44
DB 업데이트 성공: 철, 보통
Survey3 입력: name=철, teacher_id=user1, total_score=25
Survey3 계산 후: name=철, teacher_id=user1, total_score=44
DB 업데이트 성공: 철, 보통
Survey3 입력: name=철, teacher_id=user1, total_score=25
Survey3 계산 후: name=철, teacher_id=user1, total_score=44
DB 업데이트 성공: 철, 보통
Survey3 입력: name=철, teacher_id=user1, total_score=25
Survey3 계산 후: name=철, teacher_id=user1, total_score=44
DB 업데이트 성공: 철, 보통
Survey3 입력: name=철, teacher_id=user1, total_score=25
Survey3 계산 후: name=철, teacher_id=user1, total_score=44
DB 업데이트 성공: 철, 보통
Survey3 입력: name=철, teacher_id=user1, total_score=25
Survey3 계산 후: name=철, teacher_id=user1, total_score=44
DB 업데이트 성공: 철, 보통
Survey3 입력: name=철, teacher_id=user1, total_score=25
Survey3 계산 후: name=철, teacher_id=user1, total_score=44
DB 업데이트 성공: 철, 보통
Survey3 입력: name=철, teacher_id=user1, total_score=25
Survey3 계산 후: name=철, teacher_id=user1, total_score=44
DB 업데이트 성공: 철, 보통
Survey3 입력: name=철, teacher_id=user1, total_score=25
Survey3 계산 후: name=철, teacher_id=user1, total_score=44
DB 업데이트 성공: 철, 보통
Survey3 입력: name=철, teacher_id=user1, total_score=25
Survey3 계산 후: name=철, teacher_id=user1, total_score=44
DB 업데이트 성공: 철, 보통
Survey3 입력: name=철, teacher_id=user1, total_score=25
Survey3 계산 후: name=철, teacher_id=user1, total_score=44
DB 업데이트 성공: 철, 보통
Survey3 입력: name=철, teacher_id=user1, total_score=25
Survey3 계산 후: name=철, teacher_id=user1, total_score=44
DB 업데이트 성공: 철, 보통
Survey3 입력: name=철, teacher_id=user1, total_score=25
Survey3 계산 후: name=철, teacher_id=user1, total_score=44
DB 업데이트 성공: 철, 보통
Survey3 입력: name=철, teacher_id=user1, total_score=25
Survey3 계산 후: name=철, teacher_id=user1, total_score=44
DB 업데이트 성공: 철, 보통
Survey3 입력: name=철, teacher_id=user1, total_score=25
Survey3 계산 후: name=철, teacher_id=user1, total_score=44
DB 업데이트 성공: 철, 보통
Not Found: /favicon.ico
Not Found: /favicon.ico
Not Found: /favicon.ico
Not Found: /favicon.ico
Not Found: /favicon.ico
Not Found: /favicon.ico
Internal Server Error: /manage_detail/1/
Traceback (most recent call last):
  File "/home/kimgaram0718/VENV/v_test/lib/python3.12/site-packages/django/template/smartif.py", line 180, in translate_token
    op = OPERATORS[token]
         ~~~~~~~~~^^^^^^^
KeyError: 'child.family_type=="핵가족"'

During handling of the above exception, another exception occurred:

Traceback (most recent call last):
  File "/home/kimgaram0718/VENV/v_test/lib/python3.12/site-packages/django/core/handlers/exception.py", line 55, in inner
    response = get_response(request)
               ^^^^^^^^^^^^^^^^^^^^^
  File "/home/kimgaram0718/VENV/v_test/lib/python3.12/site-packages/django/core/handlers/base.py", line 197, in _get_response
    response = wrapped_callback(request, *callback_args, **callback_kwargs)
               ^^^^^^^^^^^^^^^^^^^^^^^^^^^^^^^^^^^^^^^^^^^^^^^^^^^^^^^^^^^^
  File "/home/kimgaram0718/projNetflix/mysite2/students/views.py", line 79, in manage_detail
    return render(request, 'manage_detail.html', {'child': child})
           ^^^^^^^^^^^^^^^^^^^^^^^^^^^^^^^^^^^^^^^^^^^^^^^^^^^^^^^
  File "/home/kimgaram0718/VENV/v_test/lib/python3.12/site-packages/django/shortcuts.py", line 25, in render
    content = loader.render_to_string(template_name, context, request, using=using)
              ^^^^^^^^^^^^^^^^^^^^^^^^^^^^^^^^^^^^^^^^^^^^^^^^^^^^^^^^^^^^^^^^^^^^^
  File "/home/kimgaram0718/VENV/v_test/lib/python3.12/site-packages/django/template/loader.py", line 61, in render_to_string
    template = get_template(template_name, using=using)
               ^^^^^^^^^^^^^^^^^^^^^^^^^^^^^^^^^^^^^^^^
  File "/home/kimgaram0718/VENV/v_test/lib/python3.12/site-packages/django/template/loader.py", line 15, in get_template
    return engine.get_template(template_name)
           ^^^^^^^^^^^^^^^^^^^^^^^^^^^^^^^^^^
  File "/home/kimgaram0718/VENV/v_test/lib/python3.12/site-packages/django/template/backends/django.py", line 79, in get_template
    return Template(self.engine.get_template(template_name), self)
                    ^^^^^^^^^^^^^^^^^^^^^^^^^^^^^^^^^^^^^^^
  File "/home/kimgaram0718/VENV/v_test/lib/python3.12/site-packages/django/template/engine.py", line 177, in get_template
    template, origin = self.find_template(template_name)
                       ^^^^^^^^^^^^^^^^^^^^^^^^^^^^^^^^^
  File "/home/kimgaram0718/VENV/v_test/lib/python3.12/site-packages/django/template/engine.py", line 159, in find_template
    template = loader.get_template(name, skip=skip)
               ^^^^^^^^^^^^^^^^^^^^^^^^^^^^^^^^^^^^
  File "/home/kimgaram0718/VENV/v_test/lib/python3.12/site-packages/django/template/loaders/cached.py", line 57, in get_template
    template = super().get_template(template_name, skip)
               ^^^^^^^^^^^^^^^^^^^^^^^^^^^^^^^^^^^^^^^^^
  File "/home/kimgaram0718/VENV/v_test/lib/python3.12/site-packages/django/template/loaders/base.py", line 28, in get_template
    return Template(
           ^^^^^^^^^
  File "/home/kimgaram0718/VENV/v_test/lib/python3.12/site-packages/django/template/base.py", line 154, in __init__
    self.nodelist = self.compile_nodelist()
                    ^^^^^^^^^^^^^^^^^^^^^^^
  File "/home/kimgaram0718/VENV/v_test/lib/python3.12/site-packages/django/template/base.py", line 196, in compile_nodelist
    nodelist = parser.parse()
               ^^^^^^^^^^^^^^
  File "/home/kimgaram0718/VENV/v_test/lib/python3.12/site-packages/django/template/base.py", line 518, in parse
    raise self.error(token, e)
  File "/home/kimgaram0718/VENV/v_test/lib/python3.12/site-packages/django/template/base.py", line 516, in parse
    compiled_result = compile_func(self, token)
                      ^^^^^^^^^^^^^^^^^^^^^^^^^
  File "/home/kimgaram0718/VENV/v_test/lib/python3.12/site-packages/django/template/loader_tags.py", line 295, in do_extends
    nodelist = parser.parse()
               ^^^^^^^^^^^^^^
  File "/home/kimgaram0718/VENV/v_test/lib/python3.12/site-packages/django/template/base.py", line 518, in parse
    raise self.error(token, e)
  File "/home/kimgaram0718/VENV/v_test/lib/python3.12/site-packages/django/template/base.py", line 516, in parse
    compiled_result = compile_func(self, token)
                      ^^^^^^^^^^^^^^^^^^^^^^^^^
  File "/home/kimgaram0718/VENV/v_test/lib/python3.12/site-packages/django/template/loader_tags.py", line 234, in do_block
    nodelist = parser.parse(("endblock",))
               ^^^^^^^^^^^^^^^^^^^^^^^^^^^
  File "/home/kimgaram0718/VENV/v_test/lib/python3.12/site-packages/django/template/base.py", line 518, in parse
    raise self.error(token, e)
  File "/home/kimgaram0718/VENV/v_test/lib/python3.12/site-packages/django/template/base.py", line 516, in parse
    compiled_result = compile_func(self, token)
                      ^^^^^^^^^^^^^^^^^^^^^^^^^
  File "/home/kimgaram0718/VENV/v_test/lib/python3.12/site-packages/django/template/defaulttags.py", line 961, in do_if
    condition = TemplateIfParser(parser, bits).parse()
                ^^^^^^^^^^^^^^^^^^^^^^^^^^^^^^
  File "/home/kimgaram0718/VENV/v_test/lib/python3.12/site-packages/django/template/defaulttags.py", line 894, in __init__
    super().__init__(*args, **kwargs)
  File "/home/kimgaram0718/VENV/v_test/lib/python3.12/site-packages/django/template/smartif.py", line 171, in __init__
    mapped_tokens.append(self.translate_token(token))
                         ^^^^^^^^^^^^^^^^^^^^^^^^^^^
  File "/home/kimgaram0718/VENV/v_test/lib/python3.12/site-packages/django/template/smartif.py", line 182, in translate_token
    return self.create_var(token)
           ^^^^^^^^^^^^^^^^^^^^^^
  File "/home/kimgaram0718/VENV/v_test/lib/python3.12/site-packages/django/template/defaulttags.py", line 897, in create_var
    return TemplateLiteral(self.template_parser.compile_filter(value), value)
                           ^^^^^^^^^^^^^^^^^^^^^^^^^^^^^^^^^^^^^^^^^^
  File "/home/kimgaram0718/VENV/v_test/lib/python3.12/site-packages/django/template/base.py", line 605, in compile_filter
    return FilterExpression(token, self)
           ^^^^^^^^^^^^^^^^^^^^^^^^^^^^^
  File "/home/kimgaram0718/VENV/v_test/lib/python3.12/site-packages/django/template/base.py", line 706, in __init__
    raise TemplateSyntaxError(
django.template.exceptions.TemplateSyntaxError: Could not parse the remainder: '=="핵가족"' from 'child.family_type=="핵가족"'
Not Found: /favicon.ico
Not Found: /favicon.ico
Not Found: /favicon.ico
Not Found: /favicon.ico
Not Found: /favicon.ico
Not Found: /favicon.ico
/home/kimgaram0718/projNetflix/mysite2/students/views.py changed, reloading.
Watching for file changes with StatReloader
Not Found: /favicon.ico
/home/kimgaram0718/projNetflix/mysite2/students/views.py changed, reloading.
Watching for file changes with StatReloader
Not Found: /favicon.ico
/home/kimgaram0718/projNetflix/mysite2/students/views.py changed, reloading.
Watching for file changes with StatReloader
Internal Server Error: /manage_form/
Traceback (most recent call last):
  File "/home/kimgaram0718/VENV/v_test/lib/python3.12/site-packages/django/core/handlers/exception.py", line 55, in inner
    response = get_response(request)
               ^^^^^^^^^^^^^^^^^^^^^
  File "/home/kimgaram0718/VENV/v_test/lib/python3.12/site-packages/django/core/handlers/base.py", line 197, in _get_response
    response = wrapped_callback(request, *callback_args, **callback_kwargs)
               ^^^^^^^^^^^^^^^^^^^^^^^^^^^^^^^^^^^^^^^^^^^^^^^^^^^^^^^^^^^^
  File "/home/kimgaram0718/projNetflix/mysite2/students/views.py", line 18, in manage_form
    if not name or not teacher_id:
           ^^^^
UnboundLocalError: cannot access local variable 'name' where it is not associated with a value
/home/kimgaram0718/projNetflix/mysite2/students/views.py changed, reloading.
Watching for file changes with StatReloader
/home/kimgaram0718/projNetflix/mysite2/students/views.py changed, reloading.
Watching for file changes with StatReloader
/home/kimgaram0718/projNetflix/mysite2/students/views.py changed, reloading.
Watching for file changes with StatReloader
Not Found: /favicon.ico
/home/kimgaram0718/projNetflix/mysite2/students/views.py changed, reloading.
Watching for file changes with StatReloader
/home/kimgaram0718/projNetflix/mysite2/students/views.py changed, reloading.
Watching for file changes with StatReloader
/home/kimgaram0718/projNetflix/mysite2/students/views.py changed, reloading.
Watching for file changes with StatReloader
Not Found: /favicon.ico
/home/kimgaram0718/projNetflix/mysite2/students/views.py changed, reloading.
Watching for file changes with StatReloader
/home/kimgaram0718/projNetflix/mysite2/students/views.py changed, reloading.
Watching for file changes with StatReloader
Not Found: /favicon.ico
/home/kimgaram0718/projNetflix/mysite2/students/views.py changed, reloading.
Watching for file changes with StatReloader
/home/kimgaram0718/projNetflix/mysite2/accounts/views.py changed, reloading.
Watching for file changes with StatReloader
/home/kimgaram0718/projNetflix/mysite2/students/views.py changed, reloading.
Watching for file changes with StatReloader
/home/kimgaram0718/projNetflix/mysite2/students/views.py changed, reloading.
Watching for file changes with StatReloader
/home/kimgaram0718/projNetflix/mysite2/students/views.py changed, reloading.
Watching for file changes with StatReloader
Watching for file changes with StatReloader
Watching for file changes with StatReloader
Watching for file changes with StatReloader
/home/kimgaram0718/projNetflix/mysite2/students/views.py changed, reloading.
Watching for file changes with StatReloader
/home/kimgaram0718/projNetflix/mysite2/students/views.py changed, reloading.
Watching for file changes with StatReloader
/home/kimgaram0718/projNetflix/mysite2/students/views.py changed, reloading.
Watching for file changes with StatReloader
/home/kimgaram0718/projNetflix/mysite2/students/views.py changed, reloading.
Watching for file changes with StatReloader
Internal Server Error: /manage_form/
Traceback (most recent call last):
  File "/home/kimgaram0718/VENV/v_test/lib/python3.12/site-packages/django/core/handlers/exception.py", line 55, in inner
    response = get_response(request)
               ^^^^^^^^^^^^^^^^^^^^^
  File "/home/kimgaram0718/VENV/v_test/lib/python3.12/site-packages/django/core/handlers/base.py", line 197, in _get_response
    response = wrapped_callback(request, *callback_args, **callback_kwargs)
               ^^^^^^^^^^^^^^^^^^^^^^^^^^^^^^^^^^^^^^^^^^^^^^^^^^^^^^^^^^^^
  File "/home/kimgaram0718/projNetflix/mysite2/students/views.py", line 17, in manage_form
    teacher_id = request.user.userid
                 ^^^^^^^^^^^^^^^^^^^
  File "/home/kimgaram0718/VENV/v_test/lib/python3.12/site-packages/django/utils/functional.py", line 253, in inner
    return func(_wrapped, *args)
           ^^^^^^^^^^^^^^^^^^^^^
AttributeError: 'AnonymousUser' object has no attribute 'userid'
/home/kimgaram0718/projNetflix/mysite2/students/views.py changed, reloading.
Watching for file changes with StatReloader
/home/kimgaram0718/projNetflix/mysite2/students/views.py changed, reloading.
Watching for file changes with StatReloader
/home/kimgaram0718/projNetflix/mysite2/students/views.py changed, reloading.
Watching for file changes with StatReloader
/home/kimgaram0718/projNetflix/mysite2/students/views.py changed, reloading.
Watching for file changes with StatReloader
/home/kimgaram0718/projNetflix/mysite2/students/views.py changed, reloading.
Watching for file changes with StatReloader
/home/kimgaram0718/projNetflix/mysite2/accounts/views.py changed, reloading.
Watching for file changes with StatReloader
/home/kimgaram0718/projNetflix/mysite2/students/views.py changed, reloading.
Watching for file changes with StatReloader
/home/kimgaram0718/projNetflix/mysite2/students/views.py changed, reloading.
Watching for file changes with StatReloader
/home/kimgaram0718/projNetflix/mysite2/accounts/views.py changed, reloading.
Watching for file changes with StatReloader
아동 입력: name=철8, teacher_id=user1
Watching for file changes with StatReloader
Watching for file changes with StatReloader
아동 입력: name=김가람, teacher_id=user1
아동 입력: name=김동건, teacher_id=user1
아동 입력: name=최용환, teacher_id=user1
아동 입력: name=송윤서, teacher_id=user1
Check: name=김가람, teacher_id=user1, total_score=0
Survey1 입력: name=김가람, teacher_id=user1, total_score=0
Survey1 출력: name=김가람, teacher_id=user1, total_score=12
Survey2 입력: name=김가람, teacher_id=user1, total_score=12
Survey2 출력: name=김가람, teacher_id=user1, total_score=25
Survey3 입력: name=김가람, teacher_id=user1, total_score=25
Survey3 계산 후: name=김가람, teacher_id=user1, total_score=39
DB 업데이트 성공: 김가람, 보통
Check: name=김가람, teacher_id=user1, total_score=0
Survey1 입력: name=김가람, teacher_id=user1, total_score=0
Survey1 출력: name=김가람, teacher_id=user1, total_score=13
Survey2 입력: name=김가람, teacher_id=user1, total_score=13
Survey2 출력: name=김가람, teacher_id=user1, total_score=28
Survey3 입력: name=김가람, teacher_id=user1, total_score=28
Survey3 계산 후: name=김가람, teacher_id=user1, total_score=40
DB 업데이트 성공: 김가람, 보통
Not Found: /favicon.ico
Not Found: /favicon.ico
Check: name=김가람, teacher_id=user1, total_score=0
Survey1 입력: name=김가람, teacher_id=user1, total_score=0
Survey1 출력: name=김가람, teacher_id=user1, total_score=14
Survey2 입력: name=김가람, teacher_id=user1, total_score=14
Survey2 출력: name=김가람, teacher_id=user1, total_score=20
Survey3 입력: name=김가람, teacher_id=user1, total_score=20
Survey3 계산 후: name=김가람, teacher_id=user1, total_score=27
DB 업데이트 성공: 김가람, 보통
Check: name=김가람, teacher_id=user1, total_score=0
Watching for file changes with StatReloader
아동 입력: name=철, teacher_id=user1
Check: name=철, teacher_id=user1, total_score=0
Survey1 입력: name=철, teacher_id=user1, total_score=0
Survey1 출력: name=철, teacher_id=user1, total_score=25
Survey2 입력: name=철, teacher_id=user1, total_score=25
Survey2 출력: name=철, teacher_id=user1, total_score=50
Survey3 입력: name=철, teacher_id=user1, total_score=50
Survey3 계산 후: name=철, teacher_id=user1, total_score=75
DB 업데이트 성공: 철, 높음
아동 입력: name=철2, teacher_id=user1
Check: name=철2, teacher_id=user1, total_score=0
Survey1 입력: name=철2, teacher_id=user1, total_score=0
Survey1 출력: name=철2, teacher_id=user1, total_score=8
Survey2 입력: name=철2, teacher_id=user1, total_score=8
Survey2 출력: name=철2, teacher_id=user1, total_score=15
Survey3 입력: name=철2, teacher_id=user1, total_score=15
Survey3 계산 후: name=철2, teacher_id=user1, total_score=23
DB 업데이트 성공: 철2, 낮음
Watching for file changes with StatReloader
Not Found: /.well-known/appspecific/com.chrome.devtools.json
Not Found: /.well-known/appspecific/com.chrome.devtools.json
Not Found: /favicon.ico
Watching for file changes with StatReloader
Not Found: /favicon.ico
Check: name=최용환, teacher_id=user1, total_score=0
Check: name=최용환, teacher_id=user1, total_score=0
Check: name=user1, teacher_id=user1, total_score=0
Internal Server Error: /danger/
